\BOOKMARK [0][-]{chapter*.2}{\376\377\000I\000n\000t\000r\000o\000d\000u\000c\000t\000i\000o\000n}{}% 1
\BOOKMARK [0][-]{chapter.1}{\376\377\000U\000s\000e\000d\000\040\000a\000l\000g\000o\000r\000i\000t\000h\000m\000s\000\040\000a\000n\000d\000\040\000k\000e\000y\000\040\000c\000o\000n\000c\000e\000p\000t\000s}{}% 2
\BOOKMARK [1][-]{section.1.1}{\376\377\000S\000L\000A\000M\000\040\000p\000r\000o\000b\000l\000e\000m\000\040\000d\000e\000f\000i\000n\000i\000t\000i\000o\000n}{chapter.1}% 3
\BOOKMARK [2][-]{subsection.1.1.1}{\376\377\000S\000L\000A\000M\000\040\000c\000a\000t\000e\000g\000o\000r\000i\000e\000s}{section.1.1}% 4
\BOOKMARK [2][-]{subsection.1.1.2}{\376\377\000G\000r\000a\000p\000h\000-\000b\000a\000s\000e\000d\000\040\000S\000L\000A\000M}{section.1.1}% 5
\BOOKMARK [2][-]{subsection.1.1.3}{\376\377\000P\000o\000s\000e\000\040\000g\000r\000a\000p\000h\000\040\000c\000r\000e\000a\000t\000i\000o\000n}{section.1.1}% 6
\BOOKMARK [2][-]{subsection.1.1.4}{\376\377\000O\000p\000t\000i\000m\000i\000z\000a\000t\000i\000o\000n}{section.1.1}% 7
\BOOKMARK [1][-]{section.1.2}{\376\377\000M\000a\000p\000\040\000r\000e\000p\000r\000e\000s\000e\000n\000t\000a\000t\000i\000o\000n}{chapter.1}% 8
\BOOKMARK [2][-]{subsection.1.2.1}{\376\377\000N\000D\000T\000\040\000g\000r\000i\000d}{section.1.2}% 9
\BOOKMARK [2][-]{subsection.1.2.2}{\376\377\000N\000D\000T\000-\000O\000M\000\040\000e\000x\000t\000e\000n\000s\000i\000o\000n}{section.1.2}% 10
\BOOKMARK [1][-]{section.1.3}{\376\377\000S\000c\000a\000n\000\040\000r\000e\000g\000i\000s\000t\000r\000a\000t\000i\000o\000n}{chapter.1}% 11
\BOOKMARK [2][-]{subsection.1.3.1}{\376\377\000P\000o\000i\000n\000t\000\040\000t\000o\000\040\000d\000i\000s\000t\000r\000i\000b\000u\000t\000i\000o\000n\000\040\000N\000D\000T\000\040\000r\000e\000g\000i\000s\000t\000r\000a\000t\000i\000o\000n}{section.1.3}% 12
\BOOKMARK [2][-]{subsection.1.3.2}{\376\377\000D\000i\000s\000t\000r\000i\000b\000u\000t\000i\000o\000n\000\040\000t\000o\000\040\000d\000i\000s\000t\000r\000i\000b\000u\000t\000i\000o\000n\000\040\000N\000D\000T\000\040\000r\000e\000g\000i\000s\000t\000r\000a\000t\000i\000o\000n}{section.1.3}% 13
\BOOKMARK [2][-]{subsection.1.3.3}{\376\377\000C\000o\000r\000r\000e\000l\000a\000t\000i\000v\000e\000\040\000s\000c\000a\000n\000\040\000r\000e\000g\000i\000s\000t\000r\000a\000t\000i\000o\000n}{section.1.3}% 14
\BOOKMARK [1][-]{section.1.4}{\376\377\000N\000D\000T\000\040\000g\000r\000a\000p\000h\000\040\000s\000l\000a\000m\000\040\000a\000n\000a\000l\000y\000s\000e\000s}{chapter.1}% 15
\BOOKMARK [0][-]{chapter.2}{\376\377\000S\000y\000s\000t\000e\000m\000\040\000o\000v\000e\000r\000v\000i\000e\000w}{}% 16
\BOOKMARK [1][-]{section.2.1}{\376\377\000G\000r\000a\000p\000h\000\040\000S\000L\000A\000M\000\040\000d\000e\000f\000i\000n\000i\000t\000i\000o\000n}{chapter.2}% 17
\BOOKMARK [2][-]{subsection.2.1.1}{}{section.2.1}% 18
\BOOKMARK [1][-]{section.2.2}{\376\377\000M\000a\000p\000\040\000r\000e\000p\000r\000e\000s\000e\000n\000t\000a\000t\000i\000o\000n}{chapter.2}% 19
\BOOKMARK [1][-]{section.2.3}{\376\377\000S\000c\000a\000n\000\040\000r\000e\000g\000i\000s\000t\000r\000a\000t\000i\000o\000n}{chapter.2}% 20
\BOOKMARK [0][-]{chapter*.9}{\376\377\000C\000o\000n\000c\000l\000u\000s\000i\000o\000n}{}% 21
\BOOKMARK [0][-]{chapter*.10}{\376\377\000B\000i\000b\000l\000i\000o\000g\000r\000a\000p\000h\000y}{}% 22
\BOOKMARK [0][-]{chapter*.11}{\376\377\000L\000i\000s\000t\000\040\000o\000f\000\040\000F\000i\000g\000u\000r\000e\000s}{}% 23
\BOOKMARK [0][-]{chapter*.12}{\376\377\000L\000i\000s\000t\000\040\000o\000f\000\040\000T\000a\000b\000l\000e\000s}{}% 24
\BOOKMARK [0][-]{chapter*.13}{\376\377\000L\000i\000s\000t\000\040\000o\000f\000\040\000A\000b\000b\000r\000e\000v\000i\000a\000t\000i\000o\000n\000s}{}% 25
\BOOKMARK [0][-]{chapter*.14}{\376\377\000A\000t\000t\000a\000c\000h\000m\000e\000n\000t\000s}{}% 26
